DelivryAtDoors/app/build/intermediates/manifest_merge_blame_file/release/manifest-merger-blame-release-report.txt
1<?xml version="1.0" encoding="utf-8"?>
2<manifest xmlns:android="http://schemas.android.com/apk/res/android"
3    package="com.example.delivryatdoors"
4    android:versionCode="1"
5    android:versionName="1.0" >
6
7    <uses-sdk
8        android:minSdkVersion="21"
8-->src\main\AndroidManifest.xml
9        android:targetSdkVersion="29" />
9-->src\main\AndroidManifest.xml
10    <!--
11         The ACCESS_COARSE/FINE_LOCATION permissions are not required to use
12         Google Maps Android API v2, but you must specify either coarse or fine
13         location permissions for the 'MyLocation' functionality.
14    -->
15    <uses-permission android:name="android.permission.ACCESS_FINE_LOCATION" />
15-->src\main\AndroidManifest.xml:9:5-79
15-->src\main\AndroidManifest.xml:9:22-76
16    <uses-permission android:name="android.permission.ACCESS_COARSE_LOCATION" />
16-->src\main\AndroidManifest.xml:10:5-81
16-->src\main\AndroidManifest.xml:10:22-78
17    <uses-permission android:name="android.permission.INTERNET" />
17-->src\main\AndroidManifest.xml:11:5-67
17-->src\main\AndroidManifest.xml:11:22-64
18    <uses-permission android:name="android.permission.SEND_SMS" />
18-->src\main\AndroidManifest.xml:12:5-67
18-->src\main\AndroidManifest.xml:12:22-64
19    <uses-permission android:name="android.permission.READ_SMS" />
19-->src\main\AndroidManifest.xml:13:5-67
19-->src\main\AndroidManifest.xml:13:22-64
20    <uses-permission android:name="android.permission.READ_PHONE_STATE" />
20-->src\main\AndroidManifest.xml:14:5-75
20-->src\main\AndroidManifest.xml:14:22-72
21    <uses-permission android:name="android.permission.ACCESS_WIFI_STATE" /> <!-- Although the *SdkVersion is captured in gradle build files, this is required for non gradle builds -->
21-->[com.google.android.libraries.places:places:1.1.0] AndroidManifest.xml:10:5-76
21-->[com.google.android.libraries.places:places:1.1.0] AndroidManifest.xml:10:22-73
22    <!-- <uses-sdk android:minSdkVersion="14"/> -->
23    <uses-permission android:name="android.permission.ACCESS_NETWORK_STATE" />
23-->[com.google.firebase:firebase-database:19.2.1] AndroidManifest.xml:25:5-79
23-->[com.google.firebase:firebase-database:19.2.1] AndroidManifest.xml:25:22-76
24
25    <uses-feature
25-->[com.google.android.gms:play-services-maps:17.0.0] AndroidManifest.xml:26:5-28:35
26        android:glEsVersion="0x00020000"
26-->[com.google.android.gms:play-services-maps:17.0.0] AndroidManifest.xml:27:9-41
27        android:required="true" />
27-->[com.google.android.gms:play-services-maps:17.0.0] AndroidManifest.xml:28:9-32
28
29    <uses-permission android:name="com.google.android.finsky.permission.BIND_GET_INSTALL_REFERRER_SERVICE" />
29-->[com.android.installreferrer:installreferrer:1.0] AndroidManifest.xml:9:5-110
29-->[com.android.installreferrer:installreferrer:1.0] AndroidManifest.xml:9:22-107
30
31    <application
31-->src\main\AndroidManifest.xml:16:5-82:19
32        android:appComponentFactory="androidx.core.app.CoreComponentFactory"
32-->[androidx.core:core:1.1.0] AndroidManifest.xml:24:18-86
33        android:icon="@mipmap/ic_launcher"
33-->src\main\AndroidManifest.xml:17:9-43
34        android:label="@string/app_name"
34-->src\main\AndroidManifest.xml:18:9-41
35        android:roundIcon="@drawable/truck"
35-->src\main\AndroidManifest.xml:19:9-44
36        android:supportsRtl="true"
36-->src\main\AndroidManifest.xml:20:9-35
37        android:theme="@style/AppTheme" >
37-->src\main\AndroidManifest.xml:21:9-40
38        <activity android:name="com.example.delivryatdoors.PaymentActivity" />
38-->src\main\AndroidManifest.xml:22:9-62
38-->src\main\AndroidManifest.xml:22:19-50
39        <activity android:name="com.example.delivryatdoors.RiderOrderDetail" />
39-->src\main\AndroidManifest.xml:23:9-54
39-->src\main\AndroidManifest.xml:23:19-51
40        <!--
41             The API key for Google Maps-based APIs is defined as a string resource.
42             (See the file "res/values/google_maps_api.xml").
43             Note that the API key is linked to the encryption key used to sign the APK.
44             You need a different API key for each encryption key, including the release key that is used to
45             sign the APK for publishing.
46             You can define the keys for the debug and release targets in src/debug/ and src/release/.
47        -->
48        <meta-data
48-->src\main\AndroidManifest.xml:32:9-34:55
49            android:name="com.google.android.geo.API_KEY"
49-->src\main\AndroidManifest.xml:33:13-58
50            android:value="@string/google_maps_key" />
50-->src\main\AndroidManifest.xml:34:13-52
51
52        <activity android:name="com.example.delivryatdoors.StartupSwift" >
52-->src\main\AndroidManifest.xml:36:9-42:20
52-->src\main\AndroidManifest.xml:36:19-47
53            <intent-filter>
53-->src\main\AndroidManifest.xml:37:13-41:29
54                <action android:name="android.intent.action.MAIN" />
54-->src\main\AndroidManifest.xml:38:17-69
54-->src\main\AndroidManifest.xml:38:25-66
55
56                <category android:name="android.intent.category.LAUNCHER" />
56-->src\main\AndroidManifest.xml:40:17-77
56-->src\main\AndroidManifest.xml:40:27-74
57            </intent-filter>
58        </activity>
59        <activity android:name="com.example.delivryatdoors.sign_up_activity" />
59-->src\main\AndroidManifest.xml:44:9-54
59-->src\main\AndroidManifest.xml:44:19-51
60        <activity android:name="com.example.delivryatdoors.Login" />
60-->src\main\AndroidManifest.xml:46:9-47:37
60-->src\main\AndroidManifest.xml:47:13-34
61        <activity
61-->src\main\AndroidManifest.xml:49:9-51:32
62            android:name="com.example.delivryatdoors.MainActivity"
62-->src\main\AndroidManifest.xml:50:13-41
63            android:label="" />
63-->src\main\AndroidManifest.xml:51:13-29
64        <activity
64-->src\main\AndroidManifest.xml:52:9-54:32
65            android:name="com.example.delivryatdoors.Rider_Activity"
65-->src\main\AndroidManifest.xml:53:13-43
66            android:label="" />
66-->src\main\AndroidManifest.xml:54:13-29
67
68        <meta-data
68-->src\main\AndroidManifest.xml:56:9-58:55
69            android:name="com.facebook.sdk.ApplicationId"
69-->src\main\AndroidManifest.xml:57:13-58
70            android:value="@string/facebook_app_id" />
70-->src\main\AndroidManifest.xml:58:13-52
71        <meta-data
71-->src\main\AndroidManifest.xml:59:9-61:57
72            android:name="preloaded_fonts"
72-->src\main\AndroidManifest.xml:60:13-43
73            android:resource="@array/preloaded_fonts" />
73-->src\main\AndroidManifest.xml:61:13-54
74
75        <activity
75-->src\main\AndroidManifest.xml:63:9-66:48
76            android:name="com.facebook.FacebookActivity"
76-->src\main\AndroidManifest.xml:64:13-57
77            android:configChanges="keyboard|keyboardHidden|screenLayout|screenSize|orientation"
77-->src\main\AndroidManifest.xml:65:13-96
78            android:label="@string/app_name"
78-->src\main\AndroidManifest.xml:66:13-45
79            android:theme="@style/com_facebook_activity_theme" />
79-->[com.facebook.android:facebook-common:5.15.3] AndroidManifest.xml:33:13-63
80        <activity
80-->src\main\AndroidManifest.xml:67:9-78:20
81            android:name="com.facebook.CustomTabActivity"
81-->src\main\AndroidManifest.xml:68:13-58
82            android:exported="true" >
82-->src\main\AndroidManifest.xml:69:13-36
83            <intent-filter>
83-->src\main\AndroidManifest.xml:70:13-77:29
84                <action android:name="android.intent.action.VIEW" />
84-->src\main\AndroidManifest.xml:71:17-69
84-->src\main\AndroidManifest.xml:71:25-66
85
86                <category android:name="android.intent.category.DEFAULT" />
86-->src\main\AndroidManifest.xml:73:17-76
86-->src\main\AndroidManifest.xml:73:27-73
87                <category android:name="android.intent.category.BROWSABLE" />
87-->src\main\AndroidManifest.xml:74:17-78
87-->src\main\AndroidManifest.xml:74:27-75
88
89                <data android:scheme="@string/fb_login_protocol_scheme" />
89-->src\main\AndroidManifest.xml:76:17-75
89-->src\main\AndroidManifest.xml:76:23-72
90            </intent-filter>
91            <intent-filter>
91-->[com.facebook.android:facebook-common:5.15.3] AndroidManifest.xml:39:13-48:29
92                <action android:name="android.intent.action.VIEW" />
92-->src\main\AndroidManifest.xml:71:17-69
92-->src\main\AndroidManifest.xml:71:25-66
93
94                <category android:name="android.intent.category.DEFAULT" />
94-->src\main\AndroidManifest.xml:73:17-76
94-->src\main\AndroidManifest.xml:73:27-73
95                <category android:name="android.intent.category.BROWSABLE" />
95-->src\main\AndroidManifest.xml:74:17-78
95-->src\main\AndroidManifest.xml:74:27-75
96
97                <data
97-->src\main\AndroidManifest.xml:76:17-75
98                    android:host="cct.com.example.delivryatdoors"
99                    android:scheme="fbconnect" />
99-->src\main\AndroidManifest.xml:76:23-72
100            </intent-filter>
101        </activity>
102        <activity
102-->src\main\AndroidManifest.xml:79:9-81:59
103            android:name="com.theartofdev.edmodo.cropper.CropImageActivity"
103-->src\main\AndroidManifest.xml:80:13-76
104            android:theme="@style/Base.Theme.AppCompat" />
104-->src\main\AndroidManifest.xml:81:13-56
105        <!-- Autocomplete -->
106        <activity
106-->[com.google.android.libraries.places:places:1.1.0] AndroidManifest.xml:16:9-23:20
107            android:name="com.google.android.libraries.places.widget.AutocompleteActivity"
107-->[com.google.android.libraries.places:places:1.1.0] AndroidManifest.xml:17:13-91
108            android:exported="false"
108-->[com.google.android.libraries.places:places:1.1.0] AndroidManifest.xml:18:13-37
109            android:hardwareAccelerated="true"
109-->[com.google.android.libraries.places:places:1.1.0] AndroidManifest.xml:19:13-47
110            android:label="@string/places_autocomplete_label"
110-->[com.google.android.libraries.places:places:1.1.0] AndroidManifest.xml:20:13-62
111            android:theme="@style/PlacesAutocompleteThemeOverlay"
111-->[com.google.android.libraries.places:places:1.1.0] AndroidManifest.xml:21:13-66
112            android:windowSoftInputMode="stateAlwaysVisible|adjustPan" >
112-->[com.google.android.libraries.places:places:1.1.0] AndroidManifest.xml:22:13-71
113        </activity>
114        <activity android:name="com.facebook.CustomTabMainActivity" />
114-->[com.facebook.android:facebook-common:5.15.3] AndroidManifest.xml:34:9-71
114-->[com.facebook.android:facebook-common:5.15.3] AndroidManifest.xml:34:19-68
115        <activity
115-->[com.google.firebase:firebase-auth:19.3.0] AndroidManifest.xml:24:9-31:50
116            android:name="com.google.firebase.auth.internal.FederatedSignInActivity"
116-->[com.google.firebase:firebase-auth:19.3.0] AndroidManifest.xml:25:13-85
117            android:excludeFromRecents="true"
117-->[com.google.firebase:firebase-auth:19.3.0] AndroidManifest.xml:26:13-46
118            android:exported="true"
118-->[com.google.firebase:firebase-auth:19.3.0] AndroidManifest.xml:27:13-36
119            android:launchMode="singleTask"
119-->[com.google.firebase:firebase-auth:19.3.0] AndroidManifest.xml:28:13-44
120            android:permission="com.google.firebase.auth.api.gms.permission.LAUNCH_FEDERATED_SIGN_IN"
120-->[com.google.firebase:firebase-auth:19.3.0] AndroidManifest.xml:29:13-102
121            android:theme="@android:style/Theme.Translucent.NoTitleBar" />
121-->[com.google.firebase:firebase-auth:19.3.0] AndroidManifest.xml:30:13-72
122
123        <service
123-->[com.google.firebase:firebase-auth:19.3.0] AndroidManifest.xml:33:9-39:19
124            android:name="com.google.firebase.components.ComponentDiscoveryService"
124-->[com.google.firebase:firebase-auth:19.3.0] AndroidManifest.xml:34:13-84
125            android:directBootAware="true"
125-->[com.google.firebase:firebase-common:19.3.0] AndroidManifest.xml:34:13-43
126            android:exported="false" >
126-->[com.google.firebase:firebase-auth:19.3.0] AndroidManifest.xml:35:13-37
127            <meta-data
127-->[com.google.firebase:firebase-auth:19.3.0] AndroidManifest.xml:36:13-38:85
128                android:name="com.google.firebase.components:com.google.firebase.auth.FirebaseAuthRegistrar"
128-->[com.google.firebase:firebase-auth:19.3.0] AndroidManifest.xml:37:17-109
129                android:value="com.google.firebase.components.ComponentRegistrar" />
129-->[com.google.firebase:firebase-auth:19.3.0] AndroidManifest.xml:38:17-82
130            <meta-data
130-->[com.google.firebase:firebase-database:19.2.1] AndroidManifest.xml:32:13-34:85
131                android:name="com.google.firebase.components:com.google.firebase.database.DatabaseRegistrar"
131-->[com.google.firebase:firebase-database:19.2.1] AndroidManifest.xml:33:17-109
132                android:value="com.google.firebase.components.ComponentRegistrar" />
132-->[com.google.firebase:firebase-database:19.2.1] AndroidManifest.xml:34:17-82
133            <meta-data
133-->[com.google.firebase:firebase-storage:19.1.1] AndroidManifest.xml:33:13-35:85
134                android:name="com.google.firebase.components:com.google.firebase.storage.StorageRegistrar"
134-->[com.google.firebase:firebase-storage:19.1.1] AndroidManifest.xml:34:17-107
135                android:value="com.google.firebase.components.ComponentRegistrar" />
135-->[com.google.firebase:firebase-storage:19.1.1] AndroidManifest.xml:35:17-82
136        </service> <!-- Needs to be explicitly declared on P+ -->
137        <uses-library
137-->[com.google.android.gms:play-services-maps:17.0.0] AndroidManifest.xml:33:9-35:40
138            android:name="org.apache.http.legacy"
138-->[com.google.android.gms:play-services-maps:17.0.0] AndroidManifest.xml:34:13-50
139            android:required="false" />
139-->[com.google.android.gms:play-services-maps:17.0.0] AndroidManifest.xml:35:13-37
140
141        <activity
141-->[com.google.android.gms:play-services-auth:18.0.0] AndroidManifest.xml:23:9-27:75
142            android:name="com.google.android.gms.auth.api.signin.internal.SignInHubActivity"
142-->[com.google.android.gms:play-services-auth:18.0.0] AndroidManifest.xml:24:13-93
143            android:excludeFromRecents="true"
143-->[com.google.android.gms:play-services-auth:18.0.0] AndroidManifest.xml:25:13-46
144            android:exported="false"
144-->[com.google.android.gms:play-services-auth:18.0.0] AndroidManifest.xml:26:13-37
145            android:theme="@android:style/Theme.Translucent.NoTitleBar" />
145-->[com.google.android.gms:play-services-auth:18.0.0] AndroidManifest.xml:27:13-72
146        <!--
147            Service handling Google Sign-In user revocation. For apps that do not integrate with
148            Google Sign-In, this service will never be started.
149        -->
150        <service
150-->[com.google.android.gms:play-services-auth:18.0.0] AndroidManifest.xml:33:9-36:110
151            android:name="com.google.android.gms.auth.api.signin.RevocationBoundService"
151-->[com.google.android.gms:play-services-auth:18.0.0] AndroidManifest.xml:34:13-89
152            android:exported="true"
152-->[com.google.android.gms:play-services-auth:18.0.0] AndroidManifest.xml:35:13-36
153            android:permission="com.google.android.gms.auth.api.signin.permission.REVOCATION_NOTIFICATION" />
153-->[com.google.android.gms:play-services-auth:18.0.0] AndroidManifest.xml:36:13-107
154
155        <activity
155-->[com.google.android.gms:play-services-base:17.1.0] AndroidManifest.xml:23:9-26:75
156            android:name="com.google.android.gms.common.api.GoogleApiActivity"
156-->[com.google.android.gms:play-services-base:17.1.0] AndroidManifest.xml:24:13-79
157            android:exported="false"
157-->[com.google.android.gms:play-services-base:17.1.0] AndroidManifest.xml:25:13-37
158            android:theme="@android:style/Theme.Translucent.NoTitleBar" />
158-->[com.google.android.gms:play-services-base:17.1.0] AndroidManifest.xml:26:13-72
159
160        <provider
160-->[com.google.firebase:firebase-common:19.3.0] AndroidManifest.xml:26:9-30:39
161            android:name="com.google.firebase.provider.FirebaseInitProvider"
161-->[com.google.firebase:firebase-common:19.3.0] AndroidManifest.xml:27:13-77
162            android:authorities="com.example.delivryatdoors.firebaseinitprovider"
162-->[com.google.firebase:firebase-common:19.3.0] AndroidManifest.xml:28:13-72
163            android:exported="false"
163-->[com.google.firebase:firebase-common:19.3.0] AndroidManifest.xml:29:13-37
164            android:initOrder="100" />
164-->[com.google.firebase:firebase-common:19.3.0] AndroidManifest.xml:30:13-36
165
166        <meta-data
166-->[com.google.android.gms:play-services-basement:17.1.1] AndroidManifest.xml:23:9-25:69
167            android:name="com.google.android.gms.version"
167-->[com.google.android.gms:play-services-basement:17.1.1] AndroidManifest.xml:24:13-58
168            android:value="@integer/google_play_services_version" />
168-->[com.google.android.gms:play-services-basement:17.1.1] AndroidManifest.xml:25:13-66
169        <!--
170         The initialization ContentProvider will call FacebookSdk.sdkInitialize automatically
171         with the application context. This config is merged in with the host app's manifest,
172         but there can only be one provider with the same authority activated at any given
173         point; so if the end user has two or more different apps that use Facebook SDK, only the
174         first one will be able to use the provider. To work around this problem, we use the
175         following placeholder in the authority to identify each host application as if it was
176         a completely different provider.
177        -->
178        <provider
178-->[com.facebook.android:facebook-core:5.15.3] AndroidManifest.xml:39:9-42:40
179            android:name="com.facebook.internal.FacebookInitProvider"
179-->[com.facebook.android:facebook-core:5.15.3] AndroidManifest.xml:40:13-70
180            android:authorities="com.example.delivryatdoors.FacebookInitProvider"
180-->[com.facebook.android:facebook-core:5.15.3] AndroidManifest.xml:41:13-72
181            android:exported="false" />
181-->[com.facebook.android:facebook-core:5.15.3] AndroidManifest.xml:42:13-37
182
183        <receiver
183-->[com.facebook.android:facebook-core:5.15.3] AndroidManifest.xml:44:9-50:20
184            android:name="com.facebook.CurrentAccessTokenExpirationBroadcastReceiver"
184-->[com.facebook.android:facebook-core:5.15.3] AndroidManifest.xml:45:13-86
185            android:exported="false" >
185-->[com.facebook.android:facebook-core:5.15.3] AndroidManifest.xml:46:13-37
186            <intent-filter>
186-->[com.facebook.android:facebook-core:5.15.3] AndroidManifest.xml:47:13-49:29
187                <action android:name="com.facebook.sdk.ACTION_CURRENT_ACCESS_TOKEN_CHANGED" />
187-->[com.facebook.android:facebook-core:5.15.3] AndroidManifest.xml:48:17-95
187-->[com.facebook.android:facebook-core:5.15.3] AndroidManifest.xml:48:25-92
188            </intent-filter>
189        </receiver>
190    </application>
191
192</manifest>